
  ___  ____  ____  ____  ____ (R)
 /__    /   ____/   /   ____/
___/   /   /___/   /   /___/   11.2   Copyright 1985-2009 StataCorp LP
  Statistics/Data Analysis            StataCorp
                                      4905 Lakeway Drive
     MP - Parallel Edition            College Station, Texas 77845 USA
                                      800-STATA-PC        http://www.stata.com
                                      979-696-4600        stata@stata.com
                                      979-696-4601 (fax)

Single-user 4-core Stata perpetual license:
       Serial number:  50110563506
         Licensed to:  Stephen O'Connell
                       City University of New York

Notes:
      1.  (/m# option or -set memory-) 2048.00 MB allocated to data
      2.  (/v# option or -set maxvar-) 5000 maximum variables
      3.  Stata running in batch mode

. do "..\..\2progs\06_Table 7_borderanalysis.do" 

. ************************************************************************
. ***************Ghani - Kerr - O'Connell                  ***********************
. ***************Political Reservations and Women's Entrepreneuship*******
. ***************Journal of Development Economics, 2014 ******************
. ***************Replication Backup                                ***********************
. ************************************************************************
. clear

. clear matrix

. clear mata

. cap log close

. 
. global root "C:/OpenCode/GKO_Reservations_JDE2014_ReplBackup"

. include "$root/2progs/00_Set_paths.do"

. version 11.0

. dis "$root"
C:/OpenCode/GKO_Reservations_JDE2014_ReplBackup

. assert "$root" !="" //assert root capture worked for user

. global data "$root/1data/"

. global do "$root/2progs/"

. global figures "$root/3figures/"

. global work "$root/4work/"

. global intdata "$root/5intdata/"

. global finaldata "$root/6finaldata/"

. global date=c(current_date)

. global time=subinstr(c(current_time),":","",.)

. cd "$work" //default directory to put files, although all outputs should be directed via
>  a global macro
C:\OpenCode\GKO_Reservations_JDE2014_ReplBackup\4work

. set seed 99

. set mem 2g, perm

Current memory allocation

                    current                                 memory usage
    settable          value     description                 (1M = 1024k)
    --------------------------------------------------------------------
    set maxvar         5000     max. variables allowed           1.947M
    set memory         2048M    max. data space              2,048.000M
    set matsize         800     max. RHS vars in models          4.950M
                                                            -----------
                                                             2,054.897M
(set memory preference recorded)

. 
. 
. ************************************************************************
. ************************************************************************
. *****create matrix from shapefile
. shp2dta using "$data/Maps/Layer files/WB Shapefile/Districts_FINAL.shp", database(indiad
> b) coordinates(indiacoord) genid(id) replace
variable STATE_1 truncated
variable DISTSHP_1 truncated
variable CENSUCOD_1 truncated

. 
. ****create contiguity matrix
. use indiadb, clear

. spmat contiguity steve using indiacoord, id(id) saving(districtneighbors.txt,replace)
warning: spatial-weighting matrix contains 3 islands

. 
. use indiadb, clear

. keep id STATE Final_1

. rename Final_1 districtname

. tempfile districtname

. save `districtname'
file C:\Users\Steve\AppData\Local\Temp\ST_2m000009.tmp saved

. 
. use indiadb, clear

. keep id STATE

. tempfile masterdistlist

. save `masterdistlist'
file C:\Users\Steve\AppData\Local\Temp\ST_2m00000a.tmp saved

. insheet using districtneighbors.txt, clear
(1 var, 593 obs)

. 
. split v1,p(" ")
variables created as string: 
v11   v12   v13   v14   v15   v16   v17   v18   v19   v110  v111  v112  v113

. drop v1

. rename v11 target

. forval i =2/13 {
  2. local j = `i'-1
  3. rename v1`i' neighbor`j'
  4. }

. drop if _n==1 & target=="592"
(1 observation deleted)

. reshape long neighbor, i(target) j(number)
(note: j = 1 2 3 4 5 6 7 8 9 10 11 12)

Data                               wide   ->   long
-----------------------------------------------------------------------------
Number of obs.                      592   ->    7104
Number of variables                  13   ->       3
j variable (12 values)                    ->   number
xij variables:
     neighbor1 neighbor2 ... neighbor12   ->   neighbor
-----------------------------------------------------------------------------

. drop if neighbor==""
(3874 observations deleted)

. drop number

. destring target neighbor, replace
target has all characters numeric; replaced as int
neighbor has all characters numeric; replaced as int

. 
. rename target id

. merge m:1 id using `masterdistlist'

    Result                           # of obs.
    -----------------------------------------
    not matched                             3
        from master                         0  (_merge==1)
        from using                          3  (_merge==2)

    matched                             3,230  (_merge==3)
    -----------------------------------------

. drop if _m==2
(3 observations deleted)

. assert _m==3

. drop _m

.         rename id target

.         rename STATE    state_target

.         
. rename neighbor id

. merge m:1 id using `masterdistlist'

    Result                           # of obs.
    -----------------------------------------
    not matched                             3
        from master                         0  (_merge==1)
        from using                          3  (_merge==2)

    matched                             3,230  (_merge==3)
    -----------------------------------------

. drop if _m==2
(3 observations deleted)

. assert _m==3

. drop _m

.         rename id neighbor

.         rename STATE    state_neighbor

.                 
. g crossborder=state_target!=state_neighbor

. 
. egen mindist=rowmin(target neighbor)

. egen maxdist=rowmax( target neighbor)

. g uniq_dist_border=string(mindist)+"-"+string(maxdist)

. drop mindist maxdist

. 
. keep if crossborder
(2388 observations deleted)

. 
. foreach i in target neighbor {
  2. rename `i' id
  3. rename state_`i' STATE
  4. merge m:1 id STATE using `districtname'
  5.         drop if _m==2
  6.         assert _m==3
  7.         drop _m
  8. rename districtname districtname_`i'
  9. rename id `i' 
 10. rename STATE state_`i' 
 11. }

    Result                           # of obs.
    -----------------------------------------
    not matched                           230
        from master                         0  (_merge==1)
        from using                        230  (_merge==2)

    matched                               842  (_merge==3)
    -----------------------------------------
(230 observations deleted)

    Result                           # of obs.
    -----------------------------------------
    not matched                           230
        from master                         0  (_merge==1)
        from using                        230  (_merge==2)

    matched                               842  (_merge==3)
    -----------------------------------------
(230 observations deleted)

. 
. save "$work/crossborder districts.dta", replace
file C:/OpenCode/GKO_Reservations_JDE2014_ReplBackup/4work//crossborder districts.dta save
> d

. 
. ***use mapfile after paring down to cross-border districts
. desc

Contains data from C:/OpenCode/GKO_Reservations_JDE2014_ReplBackup/4work//crossborder dist
> ricts.dta
  obs:           842                          
 vars:             8                          9 Jan 2014 23:16
 size:       115,354 (99.9% of memory free)
------------------------------------------------------------------------------------------
              storage  display     value
variable name   type   format      label      variable label
------------------------------------------------------------------------------------------
target          int    %10.0g                 
neighbor        int    %10.0g                 
state_target    str25  %25s                   
state_neighbor  str25  %25s                   
crossborder     float  %9.0g                  
uniq_dist_bor~r str7   %9s                    
districtname_~t str32  %32s                   
districtname_~r str32  %32s                   
------------------------------------------------------------------------------------------
Sorted by:  

. assert state_target!=state_neighbor

. assert crossborder==1

. 
. ***keep only unique pairings
. gsort +uniq_dist_border +state_target

. bys uniq_dist_border: g rank=_n

. tab rank /*every pair should be duplicated once due to data setup*/

       rank |      Freq.     Percent        Cum.
------------+-----------------------------------
          1 |        421       50.00       50.00
          2 |        421       50.00      100.00
------------+-----------------------------------
      Total |        842      100.00

. *keep if rank==2
. *drop rank
. 
. encode state_target, g(state1)

. encode state_neighbor, g(state2)

. 
. g statepair=""
(842 missing values generated)

. replace statepair=state_target+"-"+state_neighbor if state1<state2
statepair was str1 now str32
(421 real changes made)

. replace statepair=state_neighbor+"-"+state_target if state1>state2
(421 real changes made)

. drop state1 state2

. 
. replace state_target=upper(state_target)
(842 real changes made)

. replace state_neighbor=upper(state_neighbor)
(842 real changes made)

. 
. rename state_target FinalState

. rename districtname_target districtname

. 
. merge m:1 FinalState districtname using "$work/district-level f_entship figures_2005.dta
> "

    Result                           # of obs.
    -----------------------------------------
    not matched                           154
        from master                         7  (_merge==1)
        from using                        147  (_merge==2)

    matched                               835  (_merge==3)
    -----------------------------------------

.         drop if _m==2  /* this is for states not appearing in the base matrix as target 
> states because they do not have any cross-state borders */
(147 observations deleted)

.         drop if _m==1 /*this is for states with no data or that have been dropped as bei
> ng late adopters or other reasons */
(7 observations deleted)

.         drop _m

. 
. foreach var of varlist  years_rel_PR1994-   f_workers_ORG2005 {
  2. rename `var' `var'_target
  3. }

. rename FinalState state_target

. rename districtname districtname_target 

. 
. rename state_neighbor FinalState

. rename districtname_neighbor districtname       

. 
. merge m:1 FinalState districtname using "$work/district-level f_entship figures_2005.dta
> "

    Result                           # of obs.
    -----------------------------------------
    not matched                           154
        from master                         7  (_merge==1)
        from using                        147  (_merge==2)

    matched                               828  (_merge==3)
    -----------------------------------------

.         drop if _m==2  /* this is for states not appearing in the base matrix as target 
> states because they do not have any cross-state borders */
(147 observations deleted)

.         drop if _m==1 /*this is for states with no data or that have been dropped as bei
> ng late adopters or other reasons */
(7 observations deleted)

.         drop _m

. 
. rename FinalState state_neighbor 

. rename districtname     districtname_neighbor 

. 
. foreach var of varlist   years_rel_PR1994-   f_workers_ORG2005 {
  2. rename `var' `var'_neighbor
  3. }

. 
. 
. foreach i in plants_new  emp_new     plants  workers workers_m_plt workers_f_plt   worke
> rs_ORG {
  2. g ratio_f_`i'_2005= ln((f_`i'2005_target+1)/(f_`i'2005_neighbor+1))
  3. g ratio_f_`i'_1994= ln((f_`i'1994_target+1)/(f_`i'1994_neighbor+1))
  4. g ratio_m_`i'_2005= ln((m_`i'2005_target+1)/(m_`i'2005_neighbor+1))
  5. g ratio_m_`i'_1994= ln((m_`i'1994_target+1)/(m_`i'1994_neighbor+1))
  6. }
(10 missing values generated)
(6 missing values generated)
(10 missing values generated)
(6 missing values generated)
(10 missing values generated)
(6 missing values generated)
(10 missing values generated)
(6 missing values generated)
(10 missing values generated)
(6 missing values generated)
(10 missing values generated)
(6 missing values generated)
(10 missing values generated)
(6 missing values generated)
(10 missing values generated)
(6 missing values generated)
(10 missing values generated)
(6 missing values generated)
(10 missing values generated)
(6 missing values generated)
(10 missing values generated)
(6 missing values generated)
(10 missing values generated)
(6 missing values generated)
(10 missing values generated)
(6 missing values generated)
(10 missing values generated)
(6 missing values generated)

. 
. 
. g weight=ln(totalpersonsengaged1994_target+1)*ln(totalpersonsengaged1994_neighbor+1)
(6 missing values generated)

. 
. /*check that this variable encapsulates cumulative exposure to 73rd Amendment */
. tab state_target, sum(years_rel_PR2005_target)

                         |    Summary of 2005 years_rel_PR
            state_target |        Mean   Std. Dev.       Freq.
-------------------------+------------------------------------
          ANDHRA PRADESH |           9           0          36
       ARUNACHAL PRADESH |           2           0          13
                   ASSAM |           4           0          51
                   BIHAR |           4           0          35
              CHANDIGARH |           7           0           3
            CHHATTISGARH |           0           0          38
    DADRA & NAGAR HAVELI |          10           0           2
             DAMAN & DIU |          10           0           2
                     GOA |           5           0           4
                 GUJARAT |          10           0          25
                 HARYANA |          10           0          51
        HIMACHAL PRADESH |          10           0          23
               JHARKHAND |           4           0          41
               KARNATAKA |          10           0          39
                  KERALA |          10           0          20
          MADHYA PRADESH |          11           0          70
             MAHARASHTRA |           8           0          49
                 MANIPUR |           8           0          10
                  ORISSA |           8           0          30
                  PUNJAB |           7           0          25
               RAJASTHAN |          10           0          50
                  SIKKIM |           8           0           2
              TAMIL NADU |           9           0          29
                 TRIPURA |          11           0           2
           UTTAR PRADESH |          10           0          75
             UTTARANCHAL |           9           0          14
             WEST BENGAL |          12           0          27
-------------------------+------------------------------------
                   Total |   8.0613577   3.0891157         766

. 
. g resvs_gap_2005=years_rel_PR2005_target-years_rel_PR2005_neighbor
(122 missing values generated)

. sum resvs_gap_2005, d

                       resvs_gap_2005
-------------------------------------------------------------
      Percentiles      Smallest
 1%          -10            -11
 5%           -8            -11
10%           -6            -11       Obs                 706
25%           -1            -11       Sum of Wgt.         706

50%            0                      Mean                  0
                        Largest       Std. Dev.      4.039521
75%            1             11
90%            6             11       Variance       16.31773
95%            8             11       Skewness              0
99%           10             11       Kurtosis       3.899894

. 
. tab state_target if years_rel_PR2005_target==. 

             state_target |      Freq.     Percent        Cum.
--------------------------+-----------------------------------
        ARUNACHAL PRADESH |          4        6.45        6.45
                    DELHI |         12       19.35       25.81
         HIMACHAL PRADESH |          1        1.61       27.42
          JAMMU & KASHMIR |          5        8.06       35.48
                MEGHALAYA |         11       17.74       53.23
                  MIZORAM |          8       12.90       66.13
                 NAGALAND |         16       25.81       91.94
              PONDICHERRY |          5        8.06      100.00
--------------------------+-----------------------------------
                    Total |         62      100.00

. drop if years_rel_PR2005_target==. | years_rel_PR2005_neighbor==.   /*drop all nonadopte
> rs from the base dataset */
(122 observations deleted)

. count
  706

. eststo clear

. 
. 
. g ctrl1994=.
(706 missing values generated)

. foreach i in plants_new  emp_new     plants  workers workers_m_plt workers_f_plt {
  2. replace ctrl1994=ratio_f_`i'_1994 
  3. eststo: xi: reg ratio_f_`i'_2005 ctrl1994 resvs_gap_2005 i.state_target i.state_neigh
> bor if rank==1 [w=weight], cluster( statepair)
  4. }
(704 real changes made)
i.state_target    _Istate_tar_1-27    (_Istate_tar_1 for sta~t==ANDHRA PRADESH omitted)
i.state_neigh~r   _Istate_nei_1-27    (_Istate_nei_1 for st~or==ANDHRA PRADESH omitted)
(analytic weights assumed)
(sum of wgt is   3.7906e+04)
note: _Istate_tar_17 omitted because of collinearity
note: _Istate_tar_18 omitted because of collinearity
note: _Istate_tar_23 omitted because of collinearity
note: _Istate_tar_24 omitted because of collinearity
note: _Istate_tar_26 omitted because of collinearity
note: _Istate_tar_27 omitted because of collinearity
note: _Istate_nei_2 omitted because of collinearity
note: _Istate_nei_3 omitted because of collinearity
note: _Istate_nei_4 omitted because of collinearity
note: _Istate_nei_5 omitted because of collinearity
note: _Istate_nei_6 omitted because of collinearity
note: _Istate_nei_7 omitted because of collinearity
note: _Istate_nei_8 omitted because of collinearity
note: _Istate_nei_9 omitted because of collinearity
note: _Istate_nei_22 omitted because of collinearity
note: _Istate_nei_24 omitted because of collinearity

Linear regression                                      Number of obs =     352
                                                       F( 20,    49) =       .
                                                       Prob > F      =       .
                                                       R-squared     =  0.3502
                                                       Root MSE      =  2.9721

                             (Std. Err. adjusted for 50 clusters in statepair)
------------------------------------------------------------------------------
             |               Robust
ratio_f_pl.. |      Coef.   Std. Err.      t    P>|t|     [95% Conf. Interval]
-------------+----------------------------------------------------------------
    ctrl1994 |   .0666883   .0675825     0.99   0.329    -.0691239    .2025004
resvs_g~2005 |   .5533081   .1397673     3.96   0.000     .2724353     .834181
_Istate_t~_2 |  -3.732278   1.445817    -2.58   0.013    -6.637757      -.8268
_Istate_t~_3 |   1.569032   2.125746     0.74   0.464    -2.702815    5.840879
_Istate_t~_4 |  -2.674798   1.967576    -1.36   0.180    -6.628791    1.279194
_Istate_t~_5 |  -8.408156   1.335995    -6.29   0.000    -11.09294   -5.723373
_Istate_t~_6 |   1.906511   1.905152     1.00   0.322    -1.922036    5.735057
_Istate_t~_7 |  -8.837704   .8038744   -10.99   0.000    -10.45315   -7.222258
_Istate_t~_8 |   -5.49607   .8378861    -6.56   0.000    -7.179865   -3.812274
_Istate_t~_9 |  -1.468475   .6986832    -2.10   0.041    -2.872531   -.0644185
_Istate_t~10 |   -2.13634   .8670468    -2.46   0.017    -3.878736   -.3939441
_Istate_t~11 |  -6.742781   1.107064    -6.09   0.000    -8.967509   -4.518053
_Istate_t~12 |  -9.504185    1.08664    -8.75   0.000    -11.68787     -7.3205
_Istate_t~13 |  -.9690217   1.948365    -0.50   0.621    -4.884408    2.946365
_Istate_t~14 |   -1.72323   .8319597    -2.07   0.044    -3.395116   -.0513447
_Istate_t~15 |  -.2720466   .8969197    -0.30   0.763    -2.074474    1.530381
_Istate_t~16 |  -5.851683   1.001694    -5.84   0.000    -7.864663   -3.838703
_Istate_t~17 |  (omitted)
_Istate_t~18 |  (omitted)
_Istate_t~19 |  -2.164221   1.547712    -1.40   0.168    -5.274464     .946023
_Istate_t~20 |  -5.187779    1.26122    -4.11   0.000    -7.722296   -2.653263
_Istate_t~21 |  -6.172301   1.026658    -6.01   0.000    -8.235448   -4.109153
_Istate_t~22 |  -.3767186   1.575243    -0.24   0.812    -3.542288    2.788851
_Istate_t~23 |  (omitted)
_Istate_t~24 |  (omitted)
_Istate_t~25 |  -7.849238   1.120261    -7.01   0.000    -10.10049    -5.59799
_Istate_t~26 |  (omitted)
_Istate_t~27 |  (omitted)
_Istate_n~_2 |  (omitted)
_Istate_n~_3 |  (omitted)
_Istate_n~_4 |  (omitted)
_Istate_n~_5 |  (omitted)
_Istate_n~_6 |  (omitted)
_Istate_n~_7 |  (omitted)
_Istate_n~_8 |  (omitted)
_Istate_n~_9 |  (omitted)
_Istate_n~10 |   2.926643   1.199512     2.44   0.018      .516134    5.337153
_Istate_n~11 |   8.294632   1.172678     7.07   0.000     5.938046    10.65122
_Istate_n~12 |   7.187893   2.173197     3.31   0.002     2.820691     11.5551
_Istate_n~13 |   4.485199    1.62767     2.76   0.008     1.214274    7.756124
_Istate_n~14 |   2.329597   1.364156     1.71   0.094    -.4117766    5.070971
_Istate_n~15 |   2.015616   1.282457     1.57   0.122    -.5615774    4.592809
_Istate_n~16 |   6.715528   1.698035     3.95   0.000       3.3032    10.12786
_Istate_n~17 |    1.25862   1.013531     1.24   0.220    -.7781464    3.295387
_Istate_n~18 |   -2.60457   .4489819    -5.80   0.000    -3.506832   -1.702307
_Istate_n~19 |   1.790531   1.132799     1.58   0.120    -.4859151    4.066976
_Istate_n~20 |   5.834039   .9868577     5.91   0.000     3.850874    7.817204
_Istate_n~21 |   3.996735   1.216683     3.28   0.002     1.551718    6.441752
_Istate_n~22 |  (omitted)
_Istate_n~23 |   .2103798   1.320899     0.16   0.874    -2.444067    2.864826
_Istate_n~24 |  (omitted)
_Istate_n~25 |   5.395449   1.038871     5.19   0.000      3.30776    7.483139
_Istate_n~26 |   9.685016   1.069878     9.05   0.000     7.535016    11.83502
_Istate_n~27 |   3.007236    .303124     9.92   0.000     2.398086    3.616386
       _cons |  -.4770849   1.199028    -0.40   0.692    -2.886622    1.932452
------------------------------------------------------------------------------
(est1 stored)
(454 real changes made)
i.state_target    _Istate_tar_1-27    (_Istate_tar_1 for sta~t==ANDHRA PRADESH omitted)
i.state_neigh~r   _Istate_nei_1-27    (_Istate_nei_1 for st~or==ANDHRA PRADESH omitted)
(analytic weights assumed)
(sum of wgt is   3.7906e+04)
note: _Istate_tar_2 omitted because of collinearity
note: _Istate_tar_17 omitted because of collinearity
note: _Istate_tar_18 omitted because of collinearity
note: _Istate_tar_23 omitted because of collinearity
note: _Istate_tar_24 omitted because of collinearity
note: _Istate_tar_26 omitted because of collinearity
note: _Istate_tar_27 omitted because of collinearity
note: _Istate_nei_2 omitted because of collinearity
note: _Istate_nei_4 omitted because of collinearity
note: _Istate_nei_5 omitted because of collinearity
note: _Istate_nei_6 omitted because of collinearity
note: _Istate_nei_7 omitted because of collinearity
note: _Istate_nei_8 omitted because of collinearity
note: _Istate_nei_9 omitted because of collinearity
note: _Istate_nei_22 omitted because of collinearity
note: _Istate_nei_24 omitted because of collinearity

Linear regression                                      Number of obs =     352
                                                       F( 20,    49) =       .
                                                       Prob > F      =       .
                                                       R-squared     =  0.3725
                                                       Root MSE      =       3

                             (Std. Err. adjusted for 50 clusters in statepair)
------------------------------------------------------------------------------
             |               Robust
ratio_f_em~5 |      Coef.   Std. Err.      t    P>|t|     [95% Conf. Interval]
-------------+----------------------------------------------------------------
    ctrl1994 |   .0717657   .0737081     0.97   0.335    -.0763562    .2198876
resvs_g~2005 |    .731749    .157265     4.65   0.000     .4157132    1.047785
_Istate_t~_2 |  (omitted)
_Istate_t~_3 |   3.000899     2.4264     1.24   0.222    -1.875135    7.876932
_Istate_t~_4 |  -1.020627    2.00686    -0.51   0.613    -5.053563    3.012308
_Istate_t~_5 |  -8.593809   1.332182    -6.45   0.000    -11.27093   -5.916688
_Istate_t~_6 |   3.617542   1.943337     1.86   0.069    -.2877397    7.522823
_Istate_t~_7 |  -8.915471   .8328835   -10.70   0.000    -10.58921   -7.241729
_Istate_t~_8 |  -5.781762   .8873289    -6.52   0.000    -7.564916   -3.998608
_Istate_t~_9 |  -.8325517   .8007777    -1.04   0.304    -2.441775    .7766713
_Istate_t~10 |  -2.242483   .8971409    -2.50   0.016    -4.045355   -.4396109
_Istate_t~11 |  -7.273565   1.083222    -6.71   0.000    -9.450382   -5.096749
_Istate_t~12 |  -10.01728    1.12103    -8.94   0.000    -12.27007   -7.764486
_Istate_t~13 |   .5099418   2.208473     0.23   0.818    -3.928151    4.948034
_Istate_t~14 |  -1.526139   .7298269    -2.09   0.042    -2.992781   -.0594973
_Istate_t~15 |  -.0275353   .6920689    -0.04   0.968      -1.4183    1.363229
_Istate_t~16 |  -6.260073   1.033436    -6.06   0.000     -8.33684   -4.183306
_Istate_t~17 |  (omitted)
_Istate_t~18 |  (omitted)
_Istate_t~19 |  -.7000014   1.774276    -0.39   0.695    -4.265542     2.86554
_Istate_t~20 |  -5.410585   1.245632    -4.34   0.000    -7.913775   -2.907394
_Istate_t~21 |  -6.619491   1.053012    -6.29   0.000    -8.735599   -4.503384
_Istate_t~22 |   .5675636   1.801067     0.32   0.754    -3.051816    4.186943
_Istate_t~23 |  (omitted)
_Istate_t~24 |  (omitted)
_Istate_t~25 |  -8.922571   1.176013    -7.59   0.000    -11.28586   -6.559285
_Istate_t~26 |  (omitted)
_Istate_t~27 |  (omitted)
_Istate_n~_2 |  (omitted)
_Istate_n~_3 |    -1.8162   1.645352    -1.10   0.275    -5.122659    1.490259
_Istate_n~_4 |  (omitted)
_Istate_n~_5 |  (omitted)
_Istate_n~_6 |  (omitted)
_Istate_n~_7 |  (omitted)
_Istate_n~_8 |  (omitted)
_Istate_n~_9 |  (omitted)
_Istate_n~10 |   4.325398   1.439946     3.00   0.004     1.431719    7.219077
_Istate_n~11 |   10.84541   1.384913     7.83   0.000     8.062323     13.6285
_Istate_n~12 |   8.705558   2.234354     3.90   0.000     4.215455    13.19566
_Istate_n~13 |    5.19307   1.719507     3.02   0.004     1.737591    8.648549
_Istate_n~14 |   3.942752   1.544426     2.55   0.014     .8391119    7.046391
_Istate_n~15 |   3.872591   1.440794     2.69   0.010     .9772066    6.767976
_Istate_n~16 |   8.638664    1.92434     4.49   0.000     4.771558    12.50577
_Istate_n~17 |   2.797743   1.199008     2.33   0.024     .3882455     5.20724
_Istate_n~18 |   -2.18785   .5328484    -4.11   0.000    -3.258649   -1.117051
_Istate_n~19 |   3.044646   1.293878     2.35   0.023     .4445005    5.644791
_Istate_n~20 |    7.41952   1.125479     6.59   0.000     5.157785    9.681256
_Istate_n~21 |    5.94598   1.433985     4.15   0.000      3.06428    8.827681
_Istate_n~22 |  (omitted)
_Istate_n~23 |    1.34636    1.37429     0.98   0.332    -1.415379    4.108099
_Istate_n~24 |  (omitted)
_Istate_n~25 |   7.202906   1.297204     5.55   0.000     4.596076    9.809736
_Istate_n~26 |   12.35677   1.306974     9.45   0.000     9.730304    14.98323
_Istate_n~27 |   4.346533   .2942769    14.77   0.000     3.755161    4.937904
       _cons |  -2.051453   1.361317    -1.51   0.138    -4.787121    .6842151
------------------------------------------------------------------------------
(est2 stored)
(688 real changes made)
i.state_target    _Istate_tar_1-27    (_Istate_tar_1 for sta~t==ANDHRA PRADESH omitted)
i.state_neigh~r   _Istate_nei_1-27    (_Istate_nei_1 for st~or==ANDHRA PRADESH omitted)
(analytic weights assumed)
(sum of wgt is   3.7906e+04)
note: _Istate_tar_17 omitted because of collinearity
note: _Istate_tar_18 omitted because of collinearity
note: _Istate_tar_23 omitted because of collinearity
note: _Istate_tar_24 omitted because of collinearity
note: _Istate_tar_26 omitted because of collinearity
note: _Istate_tar_27 omitted because of collinearity
note: _Istate_nei_2 omitted because of collinearity
note: _Istate_nei_3 omitted because of collinearity
note: _Istate_nei_4 omitted because of collinearity
note: _Istate_nei_5 omitted because of collinearity
note: _Istate_nei_6 omitted because of collinearity
note: _Istate_nei_7 omitted because of collinearity
note: _Istate_nei_8 omitted because of collinearity
note: _Istate_nei_9 omitted because of collinearity
note: _Istate_nei_22 omitted because of collinearity
note: _Istate_nei_24 omitted because of collinearity

Linear regression                                      Number of obs =     352
                                                       F( 20,    49) =       .
                                                       Prob > F      =       .
                                                       R-squared     =  0.4641
                                                       Root MSE      =    1.95

                             (Std. Err. adjusted for 50 clusters in statepair)
------------------------------------------------------------------------------
             |               Robust
ratio_f_pl.. |      Coef.   Std. Err.      t    P>|t|     [95% Conf. Interval]
-------------+----------------------------------------------------------------
    ctrl1994 |   .1639606   .0759941     2.16   0.036     .0112448    .3166764
resvs_g~2005 |   .2289178   .1047653     2.19   0.034     .0183841    .4394516
_Istate_t~_2 |  -8.112528   1.011883    -8.02   0.000    -10.14598   -6.079072
_Istate_t~_3 |  -.0028712   1.632961    -0.00   0.999     -3.28443    3.278688
_Istate_t~_4 |   -2.28201    1.53512    -1.49   0.144     -5.36695    .8029303
_Istate_t~_5 |  -5.932342   1.192249    -4.98   0.000    -8.328257   -3.536427
_Istate_t~_6 |  -.5075455   1.493575    -0.34   0.735    -3.508997    2.493906
_Istate_t~_7 |   -5.25899   .9711123    -5.42   0.000    -7.210513   -3.307467
_Istate_t~_8 |  -4.707758   .9458169    -4.98   0.000    -6.608448   -2.807068
_Istate_t~_9 |  -1.130893   .5675173    -1.99   0.052    -2.271362    .0095758
_Istate_t~10 |  -1.912361    .894205    -2.14   0.037    -3.709334   -.1153889
_Istate_t~11 |  -4.140026   1.065004    -3.89   0.000    -6.280231   -1.999821
_Istate_t~12 |  -5.784136    1.00646    -5.75   0.000    -7.806693   -3.761579
_Istate_t~13 |   .3274948   1.483118     0.22   0.826    -2.652943    3.307933
_Istate_t~14 |   -.199331   .7229813    -0.28   0.784    -1.652216    1.253554
_Istate_t~15 |  -1.353336   .6195306    -2.18   0.034    -2.598329   -.1083425
_Istate_t~16 |   -3.32675   .9227267    -3.61   0.001    -5.181039   -1.472461
_Istate_t~17 |  (omitted)
_Istate_t~18 |  (omitted)
_Istate_t~19 |  -2.257286   1.121116    -2.01   0.050    -4.510252   -.0043196
_Istate_t~20 |  -4.913956   1.165752    -4.22   0.000    -7.256623    -2.57129
_Istate_t~21 |  -2.890026   .9472373    -3.05   0.004     -4.79357   -.9864812
_Istate_t~22 |  -1.744985    1.09258    -1.60   0.117    -3.940606    .4506355
_Istate_t~23 |  (omitted)
_Istate_t~24 |  (omitted)
_Istate_t~25 |  -4.164458   .9938383    -4.19   0.000    -6.161651   -2.167266
_Istate_t~26 |  (omitted)
_Istate_t~27 |  (omitted)
_Istate_n~_2 |  (omitted)
_Istate_n~_3 |  (omitted)
_Istate_n~_4 |  (omitted)
_Istate_n~_5 |  (omitted)
_Istate_n~_6 |  (omitted)
_Istate_n~_7 |  (omitted)
_Istate_n~_8 |  (omitted)
_Istate_n~_9 |  (omitted)
_Istate_n~10 |   1.796465   1.008586     1.78   0.081    -.2303632    3.823294
_Istate_n~11 |   2.737257    1.09036     2.51   0.015      .546096    4.928418
_Istate_n~12 |   3.846488   1.727015     2.23   0.031     .3759223    7.317055
_Istate_n~13 |   1.026465   1.083056     0.95   0.348    -1.150018    3.202949
_Istate_n~14 |  -.6552609   1.037523    -0.63   0.531    -2.740242     1.42972
_Istate_n~15 |  -.5497023   .9694764    -0.57   0.573    -2.497938    1.398534
_Istate_n~16 |   1.826797   1.411242     1.29   0.202    -1.009199    4.662793
_Istate_n~17 |  -.9933037   .9421673    -1.05   0.297     -2.88666    .9000524
_Istate_n~18 |  -.7755825   .2791655    -2.78   0.008    -1.336587   -.2145784
_Istate_n~19 |   .3959633   .7474588     0.53   0.599    -1.106111    1.898038
_Istate_n~20 |   1.128651   .8768477     1.29   0.204      -.63344    2.890743
_Istate_n~21 |   1.228069    1.17409     1.05   0.301    -1.131352    3.587491
_Istate_n~22 |  (omitted)
_Istate_n~23 |  -.9550225   .9147516    -1.04   0.302    -2.793285    .8832397
_Istate_n~24 |  (omitted)
_Istate_n~25 |   1.579361   .8295144     1.90   0.063    -.0876107    3.246333
_Istate_n~26 |   4.483376   1.092362     4.10   0.000     2.288194    6.678559
_Istate_n~27 |  -.2224665   .2414355    -0.92   0.361    -.7076493    .2627163
       _cons |   1.356543   .9217041     1.47   0.147    -.4956906    3.208777
------------------------------------------------------------------------------
(est3 stored)
(704 real changes made)
i.state_target    _Istate_tar_1-27    (_Istate_tar_1 for sta~t==ANDHRA PRADESH omitted)
i.state_neigh~r   _Istate_nei_1-27    (_Istate_nei_1 for st~or==ANDHRA PRADESH omitted)
(analytic weights assumed)
(sum of wgt is   3.7906e+04)
note: _Istate_tar_2 omitted because of collinearity
note: _Istate_tar_17 omitted because of collinearity
note: _Istate_tar_18 omitted because of collinearity
note: _Istate_tar_23 omitted because of collinearity
note: _Istate_tar_24 omitted because of collinearity
note: _Istate_tar_26 omitted because of collinearity
note: _Istate_tar_27 omitted because of collinearity
note: _Istate_nei_2 omitted because of collinearity
note: _Istate_nei_4 omitted because of collinearity
note: _Istate_nei_5 omitted because of collinearity
note: _Istate_nei_6 omitted because of collinearity
note: _Istate_nei_7 omitted because of collinearity
note: _Istate_nei_8 omitted because of collinearity
note: _Istate_nei_9 omitted because of collinearity
note: _Istate_nei_22 omitted because of collinearity
note: _Istate_nei_24 omitted because of collinearity

Linear regression                                      Number of obs =     352
                                                       F( 20,    49) =       .
                                                       Prob > F      =       .
                                                       R-squared     =  0.6204
                                                       Root MSE      =  1.2558

                             (Std. Err. adjusted for 50 clusters in statepair)
------------------------------------------------------------------------------
             |               Robust
ratio_f_wo.. |      Coef.   Std. Err.      t    P>|t|     [95% Conf. Interval]
-------------+----------------------------------------------------------------
    ctrl1994 |   .5140061   .0629365     8.17   0.000     .3875305    .6404817
resvs_g~2005 |   .2112036   .0623194     3.39   0.001     .0859681    .3364391
_Istate_t~_2 |  (omitted)
_Istate_t~_3 |   .9066394   .9923481     0.91   0.365    -1.087559    2.900838
_Istate_t~_4 |  -1.032403   1.012176    -1.02   0.313    -3.066446    1.001641
_Istate_t~_5 |  -3.065237   1.002871    -3.06   0.004    -5.080583   -1.049892
_Istate_t~_6 |   1.058572    1.16677     0.91   0.369    -1.286139    3.403284
_Istate_t~_7 |  -3.746294   .7582237    -4.94   0.000    -5.270002   -2.222587
_Istate_t~_8 |  -3.048986   .7785918    -3.92   0.000    -4.613625   -1.484347
_Istate_t~_9 |  -.6420499   .4447517    -1.44   0.155    -1.535812    .2517122
_Istate_t~10 |  -.7691187   .7299813    -1.05   0.297    -2.236071    .6978336
_Istate_t~11 |  -2.258088   .8291797    -2.72   0.009    -3.924386   -.5917886
_Istate_t~12 |  -3.044407   .8082664    -3.77   0.000    -4.668679   -1.420135
_Istate_t~13 |   .1905156   .9914696     0.19   0.848    -1.801917    2.182948
_Istate_t~14 |  -.5632135   .5857433    -0.96   0.341    -1.740309    .6138817
_Istate_t~15 |  -.6163402   .3996318    -1.54   0.129     -1.41943      .18675
_Istate_t~16 |   -1.48782   .7168467    -2.08   0.043    -2.928377   -.0472626
_Istate_t~17 |  (omitted)
_Istate_t~18 |  (omitted)
_Istate_t~19 |   -1.64453   .7436459    -2.21   0.032    -3.138942   -.1501174
_Istate_t~20 |  -3.160604   .9347122    -3.38   0.001    -5.038979   -1.282229
_Istate_t~21 |  -.8840736   .7294674    -1.21   0.231    -2.349993    .5818459
_Istate_t~22 |   .3013956   .8144332     0.37   0.713    -1.335269     1.93806
_Istate_t~23 |  (omitted)
_Istate_t~24 |  (omitted)
_Istate_t~25 |  -.8362931   .7950637    -1.05   0.298    -2.434033    .7614472
_Istate_t~26 |  (omitted)
_Istate_t~27 |  (omitted)
_Istate_n~_2 |  (omitted)
_Istate_n~_3 |  -3.167125   .7848173    -4.04   0.000    -4.744274   -1.589975
_Istate_n~_4 |  (omitted)
_Istate_n~_5 |  (omitted)
_Istate_n~_6 |  (omitted)
_Istate_n~_7 |  (omitted)
_Istate_n~_8 |  (omitted)
_Istate_n~_9 |  (omitted)
_Istate_n~10 |   3.062574   .4822301     6.35   0.000     2.093496    4.031651
_Istate_n~11 |   2.357622   .5351779     4.41   0.000     1.282141    3.433102
_Istate_n~12 |   3.189774   1.103178     2.89   0.006     .9728559    5.406693
_Istate_n~13 |    1.71743    .486486     3.53   0.001     .7397999    2.695061
_Istate_n~14 |   .9981074   .5958001     1.68   0.100    -.1991979    2.195413
_Istate_n~15 |   1.108779    .427894     2.59   0.013     .2488937    1.968664
_Istate_n~16 |    2.37064   .5344168     4.44   0.000     1.296689    3.444591
_Istate_n~17 |   .5537367   .4973735     1.11   0.271    -.4457728    1.553246
_Istate_n~18 |  -1.775727    .256252    -6.93   0.000    -2.290685    -1.26077
_Istate_n~19 |   .5096618   .3260053     1.56   0.124    -.1454704    1.164794
_Istate_n~20 |   1.283254   .5626722     2.28   0.027     .1525214    2.413986
_Istate_n~21 |   1.874372   .5177325     3.62   0.001       .83395    2.914795
_Istate_n~22 |  (omitted)
_Istate_n~23 |   .5950622   .4004381     1.49   0.144    -.2096484    1.399773
_Istate_n~24 |  (omitted)
_Istate_n~25 |   1.817772   .3703818     4.91   0.000     1.073462    2.562082
_Istate_n~26 |   2.447614   .5782629     4.23   0.000     1.285551    3.609677
_Istate_n~27 |   1.787376   .1046718    17.08   0.000      1.57703    1.997722
       _cons |  -.2829076   .5577073    -0.51   0.614    -1.403662    .8378471
------------------------------------------------------------------------------
(est4 stored)
(696 real changes made)
i.state_target    _Istate_tar_1-27    (_Istate_tar_1 for sta~t==ANDHRA PRADESH omitted)
i.state_neigh~r   _Istate_nei_1-27    (_Istate_nei_1 for st~or==ANDHRA PRADESH omitted)
(analytic weights assumed)
(sum of wgt is   3.7906e+04)
note: _Istate_tar_17 omitted because of collinearity
note: _Istate_tar_18 omitted because of collinearity
note: _Istate_tar_23 omitted because of collinearity
note: _Istate_tar_24 omitted because of collinearity
note: _Istate_tar_26 omitted because of collinearity
note: _Istate_tar_27 omitted because of collinearity
note: _Istate_nei_2 omitted because of collinearity
note: _Istate_nei_3 omitted because of collinearity
note: _Istate_nei_4 omitted because of collinearity
note: _Istate_nei_5 omitted because of collinearity
note: _Istate_nei_6 omitted because of collinearity
note: _Istate_nei_7 omitted because of collinearity
note: _Istate_nei_8 omitted because of collinearity
note: _Istate_nei_9 omitted because of collinearity
note: _Istate_nei_22 omitted because of collinearity
note: _Istate_nei_24 omitted because of collinearity

Linear regression                                      Number of obs =     352
                                                       F( 20,    49) =       .
                                                       Prob > F      =       .
                                                       R-squared     =  0.5377
                                                       Root MSE      =  1.4233

                             (Std. Err. adjusted for 50 clusters in statepair)
------------------------------------------------------------------------------
             |               Robust
ratio_f_wo.. |      Coef.   Std. Err.      t    P>|t|     [95% Conf. Interval]
-------------+----------------------------------------------------------------
    ctrl1994 |   .5201907   .0802854     6.48   0.000     .3588511    .6815302
resvs_g~2005 |   .0325604   .0432247     0.75   0.455    -.0543029    .1194237
_Istate_t~_2 |  -1.947293   .6974495    -2.79   0.007    -3.348871   -.5457161
_Istate_t~_3 |   .4922442      .6556     0.75   0.456    -.8252333    1.809722
_Istate_t~_4 |  -.5518107   .4822415    -1.14   0.258    -1.520911    .4172898
_Istate_t~_5 |  -1.807973   .5837097    -3.10   0.003    -2.980982   -.6349647
_Istate_t~_6 |   .2885505   .5404338     0.53   0.596    -.7974919    1.374593
_Istate_t~_7 |  -4.740922   .3993846   -11.87   0.000    -5.543516   -3.938329
_Istate_t~_8 |   -4.95348   .5084285    -9.74   0.000    -5.975205   -3.931755
_Istate_t~_9 |  -2.148408   .2682792    -8.01   0.000    -2.687535   -1.609281
_Istate_t~10 |   .5043497   .3230281     1.56   0.125    -.1447997    1.153499
_Istate_t~11 |  -1.263554   .3573684    -3.54   0.001    -1.981712   -.5453948
_Istate_t~12 |  -1.416305   .3762025    -3.76   0.000    -2.172312   -.6602977
_Istate_t~13 |  -.6932778   .6291043    -1.10   0.276     -1.95751    .5709547
_Istate_t~14 |  -.8632982   .2449521    -3.52   0.001    -1.355548   -.3710486
_Istate_t~15 |  -.9830242   .2230527    -4.41   0.000    -1.431265    -.534783
_Istate_t~16 |  -.5427967   .2952669    -1.84   0.072    -1.136158    .0505644
_Istate_t~17 |  (omitted)
_Istate_t~18 |  (omitted)
_Istate_t~19 |  -.4880915   .4740209    -1.03   0.308    -1.440672    .4644892
_Istate_t~20 |  -1.926444   .3853953    -5.00   0.000    -2.700924   -1.151963
_Istate_t~21 |   -.494988   .2952365    -1.68   0.100    -1.088288    .0983119
_Istate_t~22 |   1.373025   .6558706     2.09   0.042     .0550033    2.691046
_Istate_t~23 |  (omitted)
_Istate_t~24 |  (omitted)
_Istate_t~25 |   .6374895   .3318982     1.92   0.061    -.0294849    1.304464
_Istate_t~26 |  (omitted)
_Istate_t~27 |  (omitted)
_Istate_n~_2 |  (omitted)
_Istate_n~_3 |  (omitted)
_Istate_n~_4 |  (omitted)
_Istate_n~_5 |  (omitted)
_Istate_n~_6 |  (omitted)
_Istate_n~_7 |  (omitted)
_Istate_n~_8 |  (omitted)
_Istate_n~_9 |  (omitted)
_Istate_n~10 |    2.24161    .374096     5.99   0.000     1.489836    2.993384
_Istate_n~11 |   1.175885   .3826759     3.07   0.003     .4068685    1.944901
_Istate_n~12 |   2.038679   .5211437     3.91   0.000     .9914016    3.085956
_Istate_n~13 |   1.746715   .2461009     7.10   0.000     1.252157    2.241274
_Istate_n~14 |   1.575084   .3934626     4.00   0.000     .7843912    2.365777
_Istate_n~15 |   2.252072   .3800112     5.93   0.000     1.488411    3.015733
_Istate_n~16 |   1.541991   .6243045     2.47   0.017     .2874037    2.796577
_Istate_n~17 |   1.061045   .3252795     3.26   0.002     .4073717    1.714719
_Istate_n~18 |  -2.037843   .4829509    -4.22   0.000    -3.008369   -1.067317
_Istate_n~19 |   .4137452   .3283602     1.26   0.214    -.2461195     1.07361
_Istate_n~20 |   1.874968   .3073847     6.10   0.000     1.257255    2.492681
_Istate_n~21 |   1.404846   .3761321     3.73   0.000     .6489806    2.160712
_Istate_n~22 |  (omitted)
_Istate_n~23 |   1.520343   .3496738     4.35   0.000     .8176469    2.223039
_Istate_n~24 |  (omitted)
_Istate_n~25 |   1.125169   .3569959     3.15   0.003     .4077593     1.84258
_Istate_n~26 |   1.435322   .4220096     3.40   0.001     .5872619    2.283382
_Istate_n~27 |   1.563512   .1744551     8.96   0.000     1.212931    1.914093
       _cons |  -.5622437   .3620435    -1.55   0.127    -1.289797      .16531
------------------------------------------------------------------------------
(est5 stored)
(704 real changes made)
i.state_target    _Istate_tar_1-27    (_Istate_tar_1 for sta~t==ANDHRA PRADESH omitted)
i.state_neigh~r   _Istate_nei_1-27    (_Istate_nei_1 for st~or==ANDHRA PRADESH omitted)
(analytic weights assumed)
(sum of wgt is   3.7906e+04)
note: _Istate_tar_17 omitted because of collinearity
note: _Istate_tar_18 omitted because of collinearity
note: _Istate_tar_23 omitted because of collinearity
note: _Istate_tar_24 omitted because of collinearity
note: _Istate_tar_26 omitted because of collinearity
note: _Istate_tar_27 omitted because of collinearity
note: _Istate_nei_2 omitted because of collinearity
note: _Istate_nei_3 omitted because of collinearity
note: _Istate_nei_4 omitted because of collinearity
note: _Istate_nei_5 omitted because of collinearity
note: _Istate_nei_6 omitted because of collinearity
note: _Istate_nei_7 omitted because of collinearity
note: _Istate_nei_8 omitted because of collinearity
note: _Istate_nei_9 omitted because of collinearity
note: _Istate_nei_22 omitted because of collinearity
note: _Istate_nei_24 omitted because of collinearity

Linear regression                                      Number of obs =     352
                                                       F( 20,    49) =       .
                                                       Prob > F      =       .
                                                       R-squared     =  0.4513
                                                       Root MSE      =  2.0849

                             (Std. Err. adjusted for 50 clusters in statepair)
------------------------------------------------------------------------------
             |               Robust
ratio_f_wo.. |      Coef.   Std. Err.      t    P>|t|     [95% Conf. Interval]
-------------+----------------------------------------------------------------
    ctrl1994 |    .163753   .0697135     2.35   0.023     .0236585    .3038475
resvs_g~2005 |   .3461017   .1012666     3.42   0.001     .1425989    .5496046
_Istate_t~_2 |  -6.812888    1.05717    -6.44   0.000    -8.937352   -4.688425
_Istate_t~_3 |   1.039161   1.613069     0.64   0.522    -2.202423    4.280746
_Istate_t~_4 |  -2.021322   1.506163    -1.34   0.186     -5.04807    1.005426
_Istate_t~_5 |  -5.884514   1.296073    -4.54   0.000     -8.48907   -3.279958
_Istate_t~_6 |   .5539886     1.5268     0.36   0.718     -2.51423    3.622208
_Istate_t~_7 |  -5.069621   1.012523    -5.01   0.000    -7.104362   -3.034879
_Istate_t~_8 |  -5.382335   .9727762    -5.53   0.000    -7.337202   -3.427468
_Istate_t~_9 |  -.4506602   .5754794    -0.78   0.437    -1.607129     .705809
_Istate_t~10 |  -2.356247   .9588689    -2.46   0.018    -4.283166   -.4293282
_Istate_t~11 |  -4.465531   1.178227    -3.79   0.000    -6.833266   -2.097796
_Istate_t~12 |   -5.87851   1.093649    -5.38   0.000     -8.07628   -3.680739
_Istate_t~13 |   1.112637   1.509103     0.74   0.464    -1.920019    4.145294
_Istate_t~14 |  -.4136013    .774081    -0.53   0.596    -1.969175    1.141973
_Istate_t~15 |  -1.698402   .6479464    -2.62   0.012    -3.000499   -.3963048
_Istate_t~16 |  -3.660669   .9790677    -3.74   0.000    -5.628179   -1.693158
_Istate_t~17 |  (omitted)
_Istate_t~18 |  (omitted)
_Istate_t~19 |   -2.41406   1.154467    -2.09   0.042    -4.734047   -.0940723
_Istate_t~20 |  -5.208987   1.231217    -4.23   0.000    -7.683209   -2.734765
_Istate_t~21 |  -3.489481   1.021377    -3.42   0.001    -5.542015   -1.436946
_Istate_t~22 |  -1.454817   1.170551    -1.24   0.220    -3.807128    .8974943
_Istate_t~23 |  (omitted)
_Istate_t~24 |  (omitted)
_Istate_t~25 |  -4.028578   1.076948    -3.74   0.000    -6.192786    -1.86437
_Istate_t~26 |  (omitted)
_Istate_t~27 |  (omitted)
_Istate_n~_2 |  (omitted)
_Istate_n~_3 |  (omitted)
_Istate_n~_4 |  (omitted)
_Istate_n~_5 |  (omitted)
_Istate_n~_6 |  (omitted)
_Istate_n~_7 |  (omitted)
_Istate_n~_8 |  (omitted)
_Istate_n~_9 |  (omitted)
_Istate_n~10 |   3.487358   .9360293     3.73   0.001     1.606337    5.368379
_Istate_n~11 |    4.20701   1.096082     3.84   0.000     2.004349     6.40967
_Istate_n~12 |   5.151212   1.779254     2.90   0.006     1.575667    8.726757
_Istate_n~13 |   2.278122   1.091795     2.09   0.042     .0840768    4.472167
_Istate_n~14 |   .4672048   1.007627     0.46   0.645    -1.557698    2.492108
_Istate_n~15 |   .8222706   .9081383     0.91   0.370    -1.002702    2.647243
_Istate_n~16 |   3.035013   1.324932     2.29   0.026     .3724621    5.697565
_Istate_n~17 |   .0998558   .9023313     0.11   0.912    -1.713447    1.913158
_Istate_n~18 |  -.8293572   .2924082    -2.84   0.007    -1.416974   -.2417409
_Istate_n~19 |   1.252111   .7351177     1.70   0.095    -.2251633    2.729385
_Istate_n~20 |   1.991254   .9715964     2.05   0.046     .0387581     3.94375
_Istate_n~21 |   2.592082   1.184205     2.19   0.033     .2123329    4.971831
_Istate_n~22 |  (omitted)
_Istate_n~23 |   .2167967   .8805861     0.25   0.807    -1.552807    1.986401
_Istate_n~24 |  (omitted)
_Istate_n~25 |   2.975413   .8501918     3.50   0.001     1.266889    4.683938
_Istate_n~26 |   5.160233   1.119395     4.61   0.000     2.910724    7.409743
_Istate_n~27 |    .919299    .188779     4.87   0.000     .5399333    1.298665
       _cons |   .2805581    .902397     0.31   0.757    -1.532876    2.093993
------------------------------------------------------------------------------
(est6 stored)

. 
. g mctrl2005=.
(706 missing values generated)

. foreach i in plants_new  emp_new     plants  workers workers_m_plt workers_f_plt {
  2. replace ctrl1994=ratio_f_`i'_1994 
  3. replace mctrl2005=ratio_m_`i'_2005
  4. eststo: xi: reg ratio_f_`i'_2005 ctrl1994  mctrl2005  resvs_gap_2005 i.state_target i
> .state_neighbor if rank==1 [w=weight], cluster( statepair)
  5. }
(688 real changes made)
(706 real changes made)
i.state_target    _Istate_tar_1-27    (_Istate_tar_1 for sta~t==ANDHRA PRADESH omitted)
i.state_neigh~r   _Istate_nei_1-27    (_Istate_nei_1 for st~or==ANDHRA PRADESH omitted)
(analytic weights assumed)
(sum of wgt is   3.7906e+04)
note: _Istate_tar_17 omitted because of collinearity
note: _Istate_tar_18 omitted because of collinearity
note: _Istate_tar_23 omitted because of collinearity
note: _Istate_tar_24 omitted because of collinearity
note: _Istate_tar_26 omitted because of collinearity
note: _Istate_tar_27 omitted because of collinearity
note: _Istate_nei_2 omitted because of collinearity
note: _Istate_nei_3 omitted because of collinearity
note: _Istate_nei_4 omitted because of collinearity
note: _Istate_nei_5 omitted because of collinearity
note: _Istate_nei_6 omitted because of collinearity
note: _Istate_nei_7 omitted because of collinearity
note: _Istate_nei_8 omitted because of collinearity
note: _Istate_nei_9 omitted because of collinearity
note: _Istate_nei_22 omitted because of collinearity
note: _Istate_nei_24 omitted because of collinearity

Linear regression                                      Number of obs =     352
                                                       F( 21,    49) =       .
                                                       Prob > F      =       .
                                                       R-squared     =  0.4549
                                                       Root MSE      =  2.7266

                             (Std. Err. adjusted for 50 clusters in statepair)
------------------------------------------------------------------------------
             |               Robust
ratio_f_pl.. |      Coef.   Std. Err.      t    P>|t|     [95% Conf. Interval]
-------------+----------------------------------------------------------------
    ctrl1994 |   .0422993   .0679843     0.62   0.537    -.0943203    .1789189
   mctrl2005 |   .5020341   .0855853     5.87   0.000      .330044    .6740242
resvs_g~2005 |    .456722    .130783     3.49   0.001     .1939036    .7195403
_Istate_t~_2 |  -1.948035   1.381587    -1.41   0.165    -4.724438    .8283689
_Istate_t~_3 |   1.130846   1.939203     0.58   0.562    -2.766129    5.027822
_Istate_t~_4 |  -1.446645   1.643671    -0.88   0.383    -4.749725    1.856435
_Istate_t~_5 |  -5.084775   1.304112    -3.90   0.000    -7.705487   -2.464064
_Istate_t~_6 |   .9298946   1.723962     0.54   0.592    -2.534536    4.394326
_Istate_t~_7 |  -3.712935   1.244844    -2.98   0.004    -6.214543   -1.211328
_Istate_t~_8 |  -1.921454   1.067606    -1.80   0.078    -4.066889    .2239816
_Istate_t~_9 |   -.310887    .634212    -0.49   0.626    -1.585384    .9636099
_Istate_t~10 |  -1.167662   .8304838    -1.41   0.166    -2.836581    .5012578
_Istate_t~11 |  -5.021814   .9802393    -5.12   0.000    -6.991678   -3.051949
_Istate_t~12 |  -7.248601   1.027507    -7.05   0.000    -9.313454   -5.183749
_Istate_t~13 |  -.8181915   1.720075    -0.48   0.636    -4.274811    2.638428
_Istate_t~14 |  -.8683738    1.03791    -0.84   0.407    -2.954133    1.217385
_Istate_t~15 |  -.1241106   1.260746    -0.10   0.922    -2.657675    2.409453
_Istate_t~16 |  -3.685557   .9521061    -3.87   0.000    -5.598885   -1.772228
_Istate_t~17 |  (omitted)
_Istate_t~18 |  (omitted)
_Istate_t~19 |  -1.716971   1.384367    -1.24   0.221    -4.498961    1.065019
_Istate_t~20 |  -2.667754   1.189945    -2.24   0.030    -5.059038   -.2764706
_Istate_t~21 |  -4.630938   .9280985    -4.99   0.000    -6.496021   -2.765854
_Istate_t~22 |   .6375671   1.458825     0.44   0.664    -2.294052    3.569186
_Istate_t~23 |  (omitted)
_Istate_t~24 |  (omitted)
_Istate_t~25 |   -5.57924     1.0553    -5.29   0.000    -7.699945   -3.458536
_Istate_t~26 |  (omitted)
_Istate_t~27 |  (omitted)
_Istate_n~_2 |  (omitted)
_Istate_n~_3 |  (omitted)
_Istate_n~_4 |  (omitted)
_Istate_n~_5 |  (omitted)
_Istate_n~_6 |  (omitted)
_Istate_n~_7 |  (omitted)
_Istate_n~_8 |  (omitted)
_Istate_n~_9 |  (omitted)
_Istate_n~10 |   .6873292   1.199941     0.57   0.569    -1.724042    3.098701
_Istate_n~11 |    4.54334   1.337009     3.40   0.001      1.85652     7.23016
_Istate_n~12 |   5.781831   1.737291     3.33   0.002     2.290615    9.273048
_Istate_n~13 |   2.839857   1.294684     2.19   0.033     .2380921    5.441621
_Istate_n~14 |   .8755549   1.275289     0.69   0.496    -1.687234    3.438343
_Istate_n~15 |  -.0528146   1.398026    -0.04   0.970    -2.862253    2.756624
_Istate_n~16 |   3.745004   1.778876     2.11   0.040     .1702189    7.319788
_Istate_n~17 |  -.4123676   1.014667    -0.41   0.686    -2.451417    1.626682
_Istate_n~18 |   -4.74747   .5971063    -7.95   0.000      -5.9474    -3.54754
_Istate_n~19 |   1.115169   .9822469     1.14   0.262    -.8587303    3.089068
_Istate_n~20 |   3.686545   .9944084     3.71   0.001     1.688206    5.684883
_Istate_n~21 |   1.770419   1.276903     1.39   0.172    -.7956134    4.336451
_Istate_n~22 |  (omitted)
_Istate_n~23 |  -.8502152   1.545625    -0.55   0.585    -3.956265    2.255834
_Istate_n~24 |  (omitted)
_Istate_n~25 |   3.561649   1.092593     3.26   0.002        1.366    5.757297
_Istate_n~26 |   6.465786   1.199193     5.39   0.000     4.055917    8.875654
_Istate_n~27 |   1.846729   .3547695     5.21   0.000     1.133793    2.559665
       _cons |   .2813288   1.092564     0.26   0.798    -1.914262    2.476919
------------------------------------------------------------------------------
(est7 stored)
(454 real changes made)
(704 real changes made)
i.state_target    _Istate_tar_1-27    (_Istate_tar_1 for sta~t==ANDHRA PRADESH omitted)
i.state_neigh~r   _Istate_nei_1-27    (_Istate_nei_1 for st~or==ANDHRA PRADESH omitted)
(analytic weights assumed)
(sum of wgt is   3.7906e+04)
note: _Istate_tar_17 omitted because of collinearity
note: _Istate_tar_18 omitted because of collinearity
note: _Istate_tar_23 omitted because of collinearity
note: _Istate_tar_24 omitted because of collinearity
note: _Istate_tar_26 omitted because of collinearity
note: _Istate_tar_27 omitted because of collinearity
note: _Istate_nei_2 omitted because of collinearity
note: _Istate_nei_3 omitted because of collinearity
note: _Istate_nei_4 omitted because of collinearity
note: _Istate_nei_5 omitted because of collinearity
note: _Istate_nei_6 omitted because of collinearity
note: _Istate_nei_7 omitted because of collinearity
note: _Istate_nei_8 omitted because of collinearity
note: _Istate_nei_9 omitted because of collinearity
note: _Istate_nei_22 omitted because of collinearity
note: _Istate_nei_24 omitted because of collinearity

Linear regression                                      Number of obs =     352
                                                       F( 21,    49) =       .
                                                       Prob > F      =       .
                                                       R-squared     =  0.4885
                                                       Root MSE      =  2.7129

                             (Std. Err. adjusted for 50 clusters in statepair)
------------------------------------------------------------------------------
             |               Robust
ratio_f_em~5 |      Coef.   Std. Err.      t    P>|t|     [95% Conf. Interval]
-------------+----------------------------------------------------------------
    ctrl1994 |   .0384019   .0740718     0.52   0.606    -.1104509    .1872547
   mctrl2005 |   .5050274   .0734535     6.88   0.000      .357417    .6526377
resvs_g~2005 |   .6639503   .1472924     4.51   0.000     .3679552    .9599455
_Istate_t~_2 |    .278624   1.548924     0.18   0.858    -2.834055    3.391303
_Istate_t~_3 |    3.04392    2.22715     1.37   0.178    -1.431705    7.519546
_Istate_t~_4 |   .5988271   1.663841     0.36   0.720    -2.744787    3.942441
_Istate_t~_5 |   -4.74987   1.311184    -3.62   0.001    -7.384794   -2.114946
_Istate_t~_6 |   2.753989   1.727052     1.59   0.117    -.7166525     6.22463
_Istate_t~_7 |  -3.333645     1.2238    -2.72   0.009    -5.792963   -.8743276
_Istate_t~_8 |  -1.746154   1.103452    -1.58   0.120    -3.963624    .4713155
_Istate_t~_9 |    .160214   .6414701     0.25   0.804    -1.128868    1.449296
_Istate_t~10 |  -1.282869   .7676549    -1.67   0.101     -2.82553     .259791
_Istate_t~11 |  -5.536636   .9709337    -5.70   0.000      -7.4878   -3.585471
_Istate_t~12 |  -7.688888   1.093587    -7.03   0.000    -9.886532   -5.491243
_Istate_t~13 |   1.024397   1.953034     0.52   0.602    -2.900372    4.949165
_Istate_t~14 |  -.6279606   .9704942    -0.65   0.521    -2.578242     1.32232
_Istate_t~15 |   .4400953   1.164563     0.38   0.707    -1.900182    2.780373
_Istate_t~16 |  -4.014081   .9860449    -4.07   0.000    -5.995612   -2.032549
_Istate_t~17 |  (omitted)
_Istate_t~18 |  (omitted)
_Istate_t~19 |   .2071011   1.593265     0.13   0.897    -2.994685    3.408888
_Istate_t~20 |  -2.793087   1.103891    -2.53   0.015    -5.011439   -.5747355
_Istate_t~21 |  -4.824646   .9652106    -5.00   0.000    -6.764309   -2.884983
_Istate_t~22 |   1.563373   1.656854     0.94   0.350      -1.7662    4.892947
_Istate_t~23 |  (omitted)
_Istate_t~24 |  (omitted)
_Istate_t~25 |  -6.407469   1.130683    -5.67   0.000     -8.67966   -4.135277
_Istate_t~26 |  (omitted)
_Istate_t~27 |  (omitted)
_Istate_n~_2 |  (omitted)
_Istate_n~_3 |  (omitted)
_Istate_n~_4 |  (omitted)
_Istate_n~_5 |  (omitted)
_Istate_n~_6 |  (omitted)
_Istate_n~_7 |  (omitted)
_Istate_n~_8 |  (omitted)
_Istate_n~_9 |  (omitted)
_Istate_n~10 |   1.784081   1.442863     1.24   0.222    -1.115461    4.683624
_Istate_n~11 |   7.402838   1.509146     4.91   0.000     4.370096    10.43558
_Istate_n~12 |   7.453638   1.810598     4.12   0.000     3.815104    11.09217
_Istate_n~13 |   3.388421   1.366243     2.48   0.017     .6428524    6.133989
_Istate_n~14 |   2.737257     1.4397     1.90   0.063    -.1559273    5.630442
_Istate_n~15 |   1.836601   1.542929     1.19   0.240    -1.264031    4.937234
_Istate_n~16 |   5.867277    1.92762     3.04   0.004      1.99358    9.740974
_Istate_n~17 |   1.203044   1.186608     1.01   0.316    -1.181534    3.587622
_Istate_n~18 |  -4.900873   .6774173    -7.23   0.000    -6.262194   -3.539552
_Istate_n~19 |    2.55832   1.158599     2.21   0.032     .2300281    4.886612
_Istate_n~20 |   5.462348   1.146734     4.76   0.000     3.157901    7.766795
_Istate_n~21 |   4.013501   1.479214     2.71   0.009     1.040909    6.986094
_Istate_n~22 |  (omitted)
_Istate_n~23 |   .2385955   1.599578     0.15   0.882    -2.975877    3.453068
_Istate_n~24 |  (omitted)
_Istate_n~25 |    5.50288   1.321271     4.16   0.000     2.847687    8.158073
_Istate_n~26 |   9.070393   1.445505     6.27   0.000     6.165542    11.97525
_Istate_n~27 |   3.354804   .3306164    10.15   0.000     2.690406    4.019203
       _cons |   -1.50064   1.241414    -1.21   0.233    -3.995355    .9940759
------------------------------------------------------------------------------
(est8 stored)
(688 real changes made)
(706 real changes made)
i.state_target    _Istate_tar_1-27    (_Istate_tar_1 for sta~t==ANDHRA PRADESH omitted)
i.state_neigh~r   _Istate_nei_1-27    (_Istate_nei_1 for st~or==ANDHRA PRADESH omitted)
(analytic weights assumed)
(sum of wgt is   3.7906e+04)
note: _Istate_tar_17 omitted because of collinearity
note: _Istate_tar_18 omitted because of collinearity
note: _Istate_tar_23 omitted because of collinearity
note: _Istate_tar_24 omitted because of collinearity
note: _Istate_tar_26 omitted because of collinearity
note: _Istate_tar_27 omitted because of collinearity
note: _Istate_nei_2 omitted because of collinearity
note: _Istate_nei_3 omitted because of collinearity
note: _Istate_nei_4 omitted because of collinearity
note: _Istate_nei_5 omitted because of collinearity
note: _Istate_nei_6 omitted because of collinearity
note: _Istate_nei_7 omitted because of collinearity
note: _Istate_nei_8 omitted because of collinearity
note: _Istate_nei_9 omitted because of collinearity
note: _Istate_nei_22 omitted because of collinearity
note: _Istate_nei_24 omitted because of collinearity

Linear regression                                      Number of obs =     352
                                                       F( 21,    49) =       .
                                                       Prob > F      =       .
                                                       R-squared     =  0.5629
                                                       Root MSE      =   1.764

                             (Std. Err. adjusted for 50 clusters in statepair)
------------------------------------------------------------------------------
             |               Robust
ratio_f_pl.. |      Coef.   Std. Err.      t    P>|t|     [95% Conf. Interval]
-------------+----------------------------------------------------------------
    ctrl1994 |   .0534921   .0617594     0.87   0.391     -.070618    .1776021
   mctrl2005 |     .95923   .1394938     6.88   0.000     .6789067    1.239553
resvs_g~2005 |   .1812529    .097317     1.86   0.069    -.0143128    .3768187
_Istate_t~_2 |  -3.083302    1.24428    -2.48   0.017    -5.583777    -.582827
_Istate_t~_3 |  -.3715771   1.519659    -0.24   0.808    -3.425446    2.682291
_Istate_t~_4 |  -2.066443   1.299442    -1.59   0.118     -4.67777    .5448841
_Istate_t~_5 |  -2.325818   1.231725    -1.89   0.065    -4.801061    .1494254
_Istate_t~_6 |  -1.218016   1.327198    -0.92   0.363     -3.88512    1.449088
_Istate_t~_7 |  -.6349677    1.03192    -0.62   0.541    -2.708688    1.438752
_Istate_t~_8 |   .0360419   1.011881     0.04   0.972    -1.997408    2.069492
_Istate_t~_9 |  -.0613946   .4950646    -0.12   0.902    -1.056264    .9334751
_Istate_t~10 |  -2.111324   .7982081    -2.65   0.011    -3.715383   -.5072646
_Istate_t~11 |  -3.211689   .9633628    -3.33   0.002    -5.147639   -1.275739
_Istate_t~12 |  -4.365033   .9338696    -4.67   0.000    -6.241714   -2.488352
_Istate_t~13 |   .2022523   1.421612     0.14   0.887    -2.654585     3.05909
_Istate_t~14 |  -.1716961   .5712035    -0.30   0.765    -1.319572    .9761802
_Istate_t~15 |  -1.080506   .4718949    -2.29   0.026    -2.028814   -.1321979
_Istate_t~16 |  -2.851868   .7994361    -3.57   0.001    -4.458395   -1.245341
_Istate_t~17 |  (omitted)
_Istate_t~18 |  (omitted)
_Istate_t~19 |  -1.952496   1.077559    -1.81   0.076    -4.117931    .2129394
_Istate_t~20 |  -3.505423    1.03191    -3.40   0.001    -5.579123   -1.431722
_Istate_t~21 |  -2.984674   .8164082    -3.66   0.001    -4.625308    -1.34404
_Istate_t~22 |  -.3450427   1.113904    -0.31   0.758    -2.583518    1.893432
_Istate_t~23 |  (omitted)
_Istate_t~24 |  (omitted)
_Istate_t~25 |  -3.389092   .8946522    -3.79   0.000    -5.186963   -1.591221
_Istate_t~26 |  (omitted)
_Istate_t~27 |  (omitted)
_Istate_n~_2 |  (omitted)
_Istate_n~_3 |  (omitted)
_Istate_n~_4 |  (omitted)
_Istate_n~_5 |  (omitted)
_Istate_n~_6 |  (omitted)
_Istate_n~_7 |  (omitted)
_Istate_n~_8 |  (omitted)
_Istate_n~_9 |  (omitted)
_Istate_n~10 |  -.4581018   .9902481    -0.46   0.646     -2.44808    1.531876
_Istate_n~11 |   .9009526   1.085293     0.83   0.410    -1.280026    3.081931
_Istate_n~12 |   1.675351   1.614958     1.04   0.305    -1.570028     4.92073
_Istate_n~13 |   .4712909   .9340283     0.50   0.616    -1.405709    2.348291
_Istate_n~14 |  -1.670331   .9812025    -1.70   0.095    -3.642131    .3014692
_Istate_n~15 |  -1.885393   .9213735    -2.05   0.046    -3.736962   -.0338238
_Istate_n~16 |   .5056337   1.287043     0.39   0.696    -2.080776    3.092043
_Istate_n~17 |  -1.462793   .8652926    -1.69   0.097    -3.201664    .2760774
_Istate_n~18 |   -4.16418   .5648557    -7.37   0.000      -5.2993    -3.02906
_Istate_n~19 |   .3303956   .7211177     0.46   0.649    -1.118745    1.779536
_Istate_n~20 |   .1592981   .8448562     0.19   0.851    -1.538504      1.8571
_Istate_n~21 |   .7977206   1.187402     0.67   0.505    -1.588452    3.183893
_Istate_n~22 |  (omitted)
_Istate_n~23 |   -1.71131    .838269    -2.04   0.047    -3.395875   -.0267457
_Istate_n~24 |  (omitted)
_Istate_n~25 |    1.08624   .8132465     1.34   0.188    -.5480403     2.72052
_Istate_n~26 |   2.528866   1.083686     2.33   0.024     .3511176    4.706614
_Istate_n~27 |   -1.01331   .2635996    -3.84   0.000    -1.543033   -.4835866
       _cons |   1.890725   .8633905     2.19   0.033     .1556769    3.625773
------------------------------------------------------------------------------
(est9 stored)
(704 real changes made)
(706 real changes made)
i.state_target    _Istate_tar_1-27    (_Istate_tar_1 for sta~t==ANDHRA PRADESH omitted)
i.state_neigh~r   _Istate_nei_1-27    (_Istate_nei_1 for st~or==ANDHRA PRADESH omitted)
(analytic weights assumed)
(sum of wgt is   3.7906e+04)
note: _Istate_tar_17 omitted because of collinearity
note: _Istate_tar_18 omitted because of collinearity
note: _Istate_tar_23 omitted because of collinearity
note: _Istate_tar_24 omitted because of collinearity
note: _Istate_tar_26 omitted because of collinearity
note: _Istate_tar_27 omitted because of collinearity
note: _Istate_nei_2 omitted because of collinearity
note: _Istate_nei_3 omitted because of collinearity
note: _Istate_nei_4 omitted because of collinearity
note: _Istate_nei_5 omitted because of collinearity
note: _Istate_nei_6 omitted because of collinearity
note: _Istate_nei_7 omitted because of collinearity
note: _Istate_nei_8 omitted because of collinearity
note: _Istate_nei_9 omitted because of collinearity
note: _Istate_nei_22 omitted because of collinearity
note: _Istate_nei_24 omitted because of collinearity

Linear regression                                      Number of obs =     352
                                                       F( 21,    49) =       .
                                                       Prob > F      =       .
                                                       R-squared     =  0.7469
                                                       Root MSE      =  1.0272

                             (Std. Err. adjusted for 50 clusters in statepair)
------------------------------------------------------------------------------
             |               Robust
ratio_f_wo.. |      Coef.   Std. Err.      t    P>|t|     [95% Conf. Interval]
-------------+----------------------------------------------------------------
    ctrl1994 |   .1981786   .0679691     2.92   0.005     .0615896    .3347676
   mctrl2005 |   .8072134   .1000586     8.07   0.000     .6061381    1.008289
resvs_g~2005 |   .0018476   .0671145     0.03   0.978     -.133024    .1367192
_Istate_t~_2 |  -3.340922   .7178194    -4.65   0.000    -4.783434    -1.89841
_Istate_t~_3 |  -.7004903   .9952815    -0.70   0.485    -2.700583    1.299603
_Istate_t~_4 |  -1.641179    .955952    -1.72   0.092    -3.562237    .2798781
_Istate_t~_5 |  -1.103055   .8973927    -1.23   0.225    -2.906433    .7003234
_Istate_t~_6 |  -1.163085   1.168118    -1.00   0.324    -3.510506    1.184336
_Istate_t~_7 |   .1157472   .7898481     0.15   0.884    -1.471512    1.703007
_Istate_t~_8 |   .2980311   .7644361     0.39   0.698    -1.238161    1.834223
_Istate_t~_9 |   -1.03951   .4210837    -2.47   0.017    -1.885709   -.1933103
_Istate_t~10 |   -.873088   .6713971    -1.30   0.200    -2.222311    .4761349
_Istate_t~11 |  -1.721014     .73452    -2.34   0.023    -3.197087   -.2449411
_Istate_t~12 |   -1.78305   .7349317    -2.43   0.019    -3.259951   -.3061493
_Istate_t~13 |  -.8113545   .9889823    -0.82   0.416    -2.798789     1.17608
_Istate_t~14 |  -.1145427   .5127654    -0.22   0.824    -1.144983    .9158979
_Istate_t~15 |  -.3895234   .3138022    -1.24   0.220    -1.020133    .2410858
_Istate_t~16 |  -.7908623   .6570634    -1.20   0.235    -2.111281    .5295561
_Istate_t~17 |  (omitted)
_Istate_t~18 |  (omitted)
_Istate_t~19 |   -1.60025   .7259112    -2.20   0.032    -3.059023   -.1414765
_Istate_t~20 |  -2.859923   .8617629    -3.32   0.002      -4.5917   -1.128145
_Istate_t~21 |   -.882872   .6675253    -1.32   0.192    -2.224314    .4585704
_Istate_t~22 |   .1435487   .7610046     0.19   0.851    -1.385747    1.672845
_Istate_t~23 |  (omitted)
_Istate_t~24 |  (omitted)
_Istate_t~25 |  -.3609627   .7256981    -0.50   0.621    -1.819308    1.097382
_Istate_t~26 |  (omitted)
_Istate_t~27 |  (omitted)
_Istate_n~_2 |  (omitted)
_Istate_n~_3 |  (omitted)
_Istate_n~_4 |  (omitted)
_Istate_n~_5 |  (omitted)
_Istate_n~_6 |  (omitted)
_Istate_n~_7 |  (omitted)
_Istate_n~_8 |  (omitted)
_Istate_n~_9 |  (omitted)
_Istate_n~10 |  -1.326636   .7076374    -1.87   0.067    -2.748687    .0954143
_Istate_n~11 |  -.2955102   .5623921    -0.53   0.602    -1.425679     .834659
_Istate_n~12 |  -.1248649   .9497108    -0.13   0.896     -2.03338     1.78365
_Istate_n~13 |   .4104675    .467224     0.88   0.384    -.5284542    1.349389
_Istate_n~14 |   -1.60507   .6730662    -2.38   0.021    -2.957647   -.2524927
_Istate_n~15 |  -1.913382   .5577074    -3.43   0.001    -3.034137   -.7926273
_Istate_n~16 |  -.9072298    .612546    -1.48   0.145    -2.138187    .3237275
_Istate_n~17 |  -1.405007   .5223639    -2.69   0.010    -2.454736   -.3552771
_Istate_n~18 |  -4.941379   .4062399   -12.16   0.000    -5.757749    -4.12501
_Istate_n~19 |  -1.339737   .4130707    -3.24   0.002    -2.169834   -.5096405
_Istate_n~20 |  -.8825579   .5648325    -1.56   0.125    -2.017631    .2525154
_Istate_n~21 |  -.4417952   .5651016    -0.78   0.438    -1.577409     .693819
_Istate_n~22 |  (omitted)
_Istate_n~23 |  -1.553017   .4545329    -3.42   0.001    -2.466435   -.6395993
_Istate_n~24 |  (omitted)
_Istate_n~25 |  -.3710927   .4606243    -0.81   0.424    -1.296752    .5545665
_Istate_n~26 |  -.0699546   .5569662    -0.13   0.901     -1.18922    1.049311
_Istate_n~27 |  -.8699227   .3600042    -2.42   0.019    -1.593378   -.1464672
       _cons |   1.807498   .6097639     2.96   0.005     .5821317    3.032865
------------------------------------------------------------------------------
(est10 stored)
(696 real changes made)
(698 real changes made)
i.state_target    _Istate_tar_1-27    (_Istate_tar_1 for sta~t==ANDHRA PRADESH omitted)
i.state_neigh~r   _Istate_nei_1-27    (_Istate_nei_1 for st~or==ANDHRA PRADESH omitted)
(analytic weights assumed)
(sum of wgt is   3.7906e+04)
note: _Istate_tar_17 omitted because of collinearity
note: _Istate_tar_18 omitted because of collinearity
note: _Istate_tar_23 omitted because of collinearity
note: _Istate_tar_24 omitted because of collinearity
note: _Istate_tar_26 omitted because of collinearity
note: _Istate_tar_27 omitted because of collinearity
note: _Istate_nei_2 omitted because of collinearity
note: _Istate_nei_3 omitted because of collinearity
note: _Istate_nei_4 omitted because of collinearity
note: _Istate_nei_5 omitted because of collinearity
note: _Istate_nei_6 omitted because of collinearity
note: _Istate_nei_7 omitted because of collinearity
note: _Istate_nei_8 omitted because of collinearity
note: _Istate_nei_9 omitted because of collinearity
note: _Istate_nei_22 omitted because of collinearity
note: _Istate_nei_24 omitted because of collinearity

Linear regression                                      Number of obs =     352
                                                       F( 21,    49) =       .
                                                       Prob > F      =       .
                                                       R-squared     =  0.7126
                                                       Root MSE      =   1.124

                             (Std. Err. adjusted for 50 clusters in statepair)
------------------------------------------------------------------------------
             |               Robust
ratio_f_wo.. |      Coef.   Std. Err.      t    P>|t|     [95% Conf. Interval]
-------------+----------------------------------------------------------------
    ctrl1994 |   .1023481   .0720111     1.42   0.162    -.0423637    .2470599
   mctrl2005 |   .9927005    .156078     6.36   0.000       .67905    1.306351
resvs_g~2005 |  -.2878675    .072015    -4.00   0.000     -.432587   -.1431481
_Istate_t~_2 |  -2.567855   .7155769    -3.59   0.001    -4.005861   -1.129849
_Istate_t~_3 |  -2.185657   .9324291    -2.34   0.023    -4.059443   -.3118702
_Istate_t~_4 |  -1.750879   .6057763    -2.89   0.006    -2.968232   -.5335255
_Istate_t~_5 |  -.0663714   .6608728    -0.10   0.920    -1.394445    1.261702
_Istate_t~_6 |  -2.857112   .8176792    -3.49   0.001      -4.5003   -1.213924
_Istate_t~_7 |   .4555471    .983111     0.46   0.645    -1.520088    2.431183
_Istate_t~_8 |  -.6204805   .9401907    -0.66   0.512    -2.509865    1.268903
_Istate_t~_9 |  -2.495259   .2827856    -8.82   0.000    -3.063538    -1.92698
_Istate_t~10 |   .5352807   .3148381     1.70   0.095    -.0974101    1.167972
_Istate_t~11 |  -.3935756   .3898765    -1.01   0.318    -1.177062    .3899105
_Istate_t~12 |  -.0833555   .4545158    -0.18   0.855    -.9967392    .8300281
_Istate_t~13 |   -2.09463   .8401873    -2.49   0.016     -3.78305   -.4062104
_Istate_t~14 |  -.0750199   .2461977    -0.30   0.762    -.5697728     .419733
_Istate_t~15 |  -.2571106    .243219    -1.06   0.296    -.7458775    .2316563
_Istate_t~16 |   .6489899   .4098265     1.58   0.120    -.1745874    1.472567
_Istate_t~17 |  (omitted)
_Istate_t~18 |  (omitted)
_Istate_t~19 |  -.4632394   .6084371    -0.76   0.450    -1.685939    .7594607
_Istate_t~20 |  -1.807841   .4212892    -4.29   0.000    -2.654453   -.9612287
_Istate_t~21 |   .1757231   .3602461     0.49   0.628    -.5482185    .8996647
_Istate_t~22 |    .841832   .7152854     1.18   0.245    -.5955879    2.279252
_Istate_t~23 |  (omitted)
_Istate_t~24 |  (omitted)
_Istate_t~25 |   1.211245   .3763275     3.22   0.002     .4549868    1.967504
_Istate_t~26 |  (omitted)
_Istate_t~27 |  (omitted)
_Istate_n~_2 |  (omitted)
_Istate_n~_3 |  (omitted)
_Istate_n~_4 |  (omitted)
_Istate_n~_5 |  (omitted)
_Istate_n~_6 |  (omitted)
_Istate_n~_7 |  (omitted)
_Istate_n~_8 |  (omitted)
_Istate_n~_9 |  (omitted)
_Istate_n~10 |   -3.44327    1.03987    -3.31   0.002    -5.532967   -1.353573
_Istate_n~11 |  -2.336305   .7451382    -3.14   0.003    -3.833716   -.8388936
_Istate_n~12 |  -2.040641   .8709029    -2.34   0.023    -3.790785   -.2904958
_Istate_n~13 |   .2045219   .3989021     0.51   0.610    -.5971019    1.006146
_Istate_n~14 |  -1.952562    .767976    -2.54   0.014    -3.495868   -.4092565
_Istate_n~15 |  -1.943386   .8101265    -2.40   0.020    -3.571396   -.3153758
_Istate_n~16 |  -2.906799   .9125872    -3.19   0.003    -4.740712   -1.072887
_Istate_n~17 |  -1.754351   .5993386    -2.93   0.005    -2.958767   -.5499349
_Istate_n~18 |  -5.869673   .8564509    -6.85   0.000    -7.590776   -4.148571
_Istate_n~19 |  -2.159838   .5699325    -3.79   0.000    -3.305161   -1.014516
_Istate_n~20 |  -.7776312   .5513686    -1.41   0.165    -1.885648    .3303855
_Istate_n~21 |  -2.048139   .6906857    -2.97   0.005    -3.436124    -.660154
_Istate_n~22 |  (omitted)
_Istate_n~23 |  -1.711734   .6837721    -2.50   0.016    -3.085825   -.3376423
_Istate_n~24 |  (omitted)
_Istate_n~25 |  -2.001041   .6761156    -2.96   0.005    -3.359747   -.6423362
_Istate_n~26 |  -1.748997   .7375793    -2.37   0.022    -3.231218   -.2667763
_Istate_n~27 |  -2.162044   .5480168    -3.95   0.000    -3.263325   -1.060763
       _cons |   2.261093   .6511614     3.47   0.001     .9525351    3.569651
------------------------------------------------------------------------------
(est11 stored)
(704 real changes made)
(706 real changes made)
i.state_target    _Istate_tar_1-27    (_Istate_tar_1 for sta~t==ANDHRA PRADESH omitted)
i.state_neigh~r   _Istate_nei_1-27    (_Istate_nei_1 for st~or==ANDHRA PRADESH omitted)
(analytic weights assumed)
(sum of wgt is   3.7906e+04)
note: _Istate_tar_2 omitted because of collinearity
note: _Istate_tar_17 omitted because of collinearity
note: _Istate_tar_18 omitted because of collinearity
note: _Istate_tar_23 omitted because of collinearity
note: _Istate_tar_24 omitted because of collinearity
note: _Istate_tar_26 omitted because of collinearity
note: _Istate_tar_27 omitted because of collinearity
note: _Istate_nei_2 omitted because of collinearity
note: _Istate_nei_4 omitted because of collinearity
note: _Istate_nei_5 omitted because of collinearity
note: _Istate_nei_6 omitted because of collinearity
note: _Istate_nei_7 omitted because of collinearity
note: _Istate_nei_8 omitted because of collinearity
note: _Istate_nei_9 omitted because of collinearity
note: _Istate_nei_22 omitted because of collinearity
note: _Istate_nei_24 omitted because of collinearity

Linear regression                                      Number of obs =     352
                                                       F( 21,    49) =       .
                                                       Prob > F      =       .
                                                       R-squared     =  0.5598
                                                       Root MSE      =  1.8704

                             (Std. Err. adjusted for 50 clusters in statepair)
------------------------------------------------------------------------------
             |               Robust
ratio_f_wo.. |      Coef.   Std. Err.      t    P>|t|     [95% Conf. Interval]
-------------+----------------------------------------------------------------
    ctrl1994 |   .0833384   .0551832     1.51   0.137    -.0275564    .1942332
   mctrl2005 |   .2875014   .0579583     4.96   0.000     .1710298     .403973
resvs_g~2005 |   .1835983   .0999581     1.84   0.072    -.0172751    .3844717
_Istate_t~_2 |  (omitted)
_Istate_t~_3 |   .5817606   1.535495     0.38   0.706    -2.503932    3.667453
_Istate_t~_4 |  -2.529805   1.529307    -1.65   0.104    -5.603063    .5434521
_Istate_t~_5 |  -4.601326   1.441479    -3.19   0.002    -7.498086   -1.704565
_Istate_t~_6 |  -.5837908   1.702725    -0.34   0.733    -4.005544    2.837963
_Istate_t~_7 |  -3.542387   1.175192    -3.01   0.004    -5.904025    -1.18075
_Istate_t~_8 |  -3.926618   1.132332    -3.47   0.001    -6.202125   -1.651111
_Istate_t~_9 |  -.7347177   .6070071    -1.21   0.232    -1.954544    .4851086
_Istate_t~10 |  -2.500524   1.064393    -2.35   0.023    -4.639501   -.3615465
_Istate_t~11 |  -3.824796   1.233101    -3.10   0.003    -6.302805   -1.346787
_Istate_t~12 |  -4.645038   1.239566    -3.75   0.000    -7.136039   -2.154036
_Istate_t~13 |    .540218   1.416858     0.38   0.705    -2.307065    3.387501
_Istate_t~14 |   .5022107   .8190241     0.61   0.543     -1.14368    2.148101
_Istate_t~15 |  -1.482355   .5295431    -2.80   0.007    -2.546512   -.4181983
_Istate_t~16 |  -2.590346   1.024687    -2.53   0.015    -4.649531    -.531161
_Istate_t~17 |  (omitted)
_Istate_t~18 |  (omitted)
_Istate_t~19 |  -2.626785   1.095654    -2.40   0.020    -4.828585   -.4249852
_Istate_t~20 |  -3.637525   1.325609    -2.74   0.008    -6.301436   -.9736136
_Istate_t~21 |  -2.179869   1.147059    -1.90   0.063     -4.48497    .1252313
_Istate_t~22 |  -1.065105   1.116545    -0.95   0.345    -3.308887    1.178676
_Istate_t~23 |  (omitted)
_Istate_t~24 |  (omitted)
_Istate_t~25 |  -3.307347    1.19305    -2.77   0.008     -5.70487   -.9098247
_Istate_t~26 |  (omitted)
_Istate_t~27 |  (omitted)
_Istate_n~_2 |  (omitted)
_Istate_n~_3 |  -7.910401   .9863256    -8.02   0.000    -9.892496   -5.928305
_Istate_n~_4 |  (omitted)
_Istate_n~_5 |  (omitted)
_Istate_n~_6 |  (omitted)
_Istate_n~_7 |  (omitted)
_Istate_n~_8 |  (omitted)
_Istate_n~_9 |  (omitted)
_Istate_n~10 |   1.545578   .9737731     1.59   0.119    -.4112926    3.502448
_Istate_n~11 |   1.765449   1.137845     1.55   0.127    -.5211363    4.052035
_Istate_n~12 |   3.375548   1.862551     1.81   0.076    -.3673888    7.118484
_Istate_n~13 |   2.047782   1.004851     2.04   0.047     .0284592    4.067105
_Istate_n~14 |  -.9705781   .9844178    -0.99   0.329     -2.94884    1.007684
_Istate_n~15 |  -2.139406   1.015882    -2.11   0.040    -4.180898    -.097915
_Istate_n~16 |   .7579952   1.138038     0.67   0.509    -1.528979    3.044969
_Istate_n~17 |  -1.143619   .9207655    -1.24   0.220    -2.993966     .706729
_Istate_n~18 |   -2.42632   .4485358    -5.41   0.000    -3.327687   -1.524954
_Istate_n~19 |  -.0969256   .6736934    -0.14   0.886    -1.450763    1.256912
_Istate_n~20 |   .3518519   1.025966     0.34   0.733    -1.709905    2.413608
_Istate_n~21 |   1.174938   1.089389     1.08   0.286     -1.01427    3.364147
_Istate_n~22 |  (omitted)
_Istate_n~23 |  -1.165181   .7677574    -1.52   0.136    -2.708048    .3776847
_Istate_n~24 |  (omitted)
_Istate_n~25 |   1.579515   .8352558     1.89   0.065    -.0989944    3.258024
_Istate_n~26 |   3.442432   1.114295     3.09   0.003     1.203172    5.681692
_Istate_n~27 |    -.66834   .3840755    -1.74   0.088    -1.440169    .1034887
       _cons |   1.383114   .8735087     1.58   0.120    -.3722677    3.138495
------------------------------------------------------------------------------
(est12 stored)

. 
. cap log c

. esttab _all using "$figures/Table 6_border analysis.csv", replace se ar2 star( + .1 ++ .
> 05 +++ .01) b(%9.3f) se(%9.3f) drop(o.* _cons) indicate("Target state FE=_Istate_tar*" "
> Neighbor state FE=_Istate_nei*")
(note: file C:/OpenCode/GKO_Reservations_JDE2014_ReplBackup/3figures//Table 6_border analy
> sis.csv not found)
(output written to C:/OpenCode/GKO_Reservations_JDE2014_ReplBackup/3figures//Table 6_borde
> r analysis.csv)

. 
end of do-file
